<?xml version="1.0" encoding="UTF-8"?>
<!-- Generated by org.testng.reporters.JUnitXMLReporter -->
<testsuite hostname="Shift-PC01" ignored="0" name="Surefire test" tests="6" failures="0" timestamp="05 Apr 2018 19:23:42 GMT" time="110.902" errors="0">
  <testcase name="CustomerServicePageFunctionalityOne[0 - Browser - chrome] on CustomerServicePageFunctionalityOne[0 - Browser - chrome](runner.CloudTestWithJUnit)" time="21.92" classname="runner.CloudTestWithJUnit"/>
  <testcase name="CustomerServicePageFunctionalityTwo[0 - Browser - chrome] on CustomerServicePageFunctionalityTwo[0 - Browser - chrome](runner.CloudTestWithJUnit)" time="35.158" classname="runner.CloudTestWithJUnit"/>
  <testcase name="imageFunctionality[0 - Browser - chrome] on imageFunctionality[0 - Browser - chrome](runner.CloudTestWithJUnit)" time="43.385" classname="runner.CloudTestWithJUnit"/>
  <testcase name="CustomerServicePageFunctionalityOne[1 - Browser - cloud_chrome_64] on CustomerServicePageFunctionalityOne[1 - Browser - cloud_chrome_64](runner.CloudTestWithJUnit)" time="64.413" classname="runner.CloudTestWithJUnit"/>
  <testcase name="CustomerServicePageFunctionalityTwo[1 - Browser - cloud_chrome_64] on CustomerServicePageFunctionalityTwo[1 - Browser - cloud_chrome_64](runner.CloudTestWithJUnit)" time="96.654" classname="runner.CloudTestWithJUnit"/>
  <testcase name="imageFunctionality[1 - Browser - cloud_chrome_64] on imageFunctionality[1 - Browser - cloud_chrome_64](runner.CloudTestWithJUnit)" time="110.761" classname="runner.CloudTestWithJUnit"/>
</testsuite> <!-- Surefire test -->
