<?xml version="1.0" encoding="UTF-8"?>
<!-- Generated by org.testng.reporters.JUnitXMLReporter -->
<testsuite hostname="Shift-PC01" ignored="0" name="Surefire test" tests="4" failures="0" timestamp="03 Apr 2018 23:30:38 GMT" time="92.415" errors="0">
  <testcase name="CustomerServicePageFunctionalityOne[0 - Browser - chrome] on CustomerServicePageFunctionalityOne[0 - Browser - chrome](runner.CloudTestWithJUnit)" time="13.841" classname="runner.CloudTestWithJUnit"/>
  <testcase name="CustomerServicePageFunctionalityTwo[0 - Browser - chrome] on CustomerServicePageFunctionalityTwo[0 - Browser - chrome](runner.CloudTestWithJUnit)" time="26.664" classname="runner.CloudTestWithJUnit"/>
  <testcase name="CustomerServicePageFunctionalityOne[1 - Browser - cloud_chrome_64] on CustomerServicePageFunctionalityOne[1 - Browser - cloud_chrome_64](runner.CloudTestWithJUnit)" time="56.325" classname="runner.CloudTestWithJUnit"/>
  <testcase name="CustomerServicePageFunctionalityTwo[1 - Browser - cloud_chrome_64] on CustomerServicePageFunctionalityTwo[1 - Browser - cloud_chrome_64](runner.CloudTestWithJUnit)" time="92.319" classname="runner.CloudTestWithJUnit"/>
</testsuite> <!-- Surefire test -->
