<?xml version="1.0" encoding="UTF-8"?>
<testsuite xmlns:xsi="http://www.w3.org/2001/XMLSchema-instance" xsi:schemaLocation="https://maven.apache.org/surefire/maven-surefire-plugin/xsd/surefire-test-report.xsd" name="runner.CloudTestWithJUnit" time="111.368" tests="6" errors="0" skipped="0" failures="0">
  <properties>
[...]
</properties>
  <testcase name="CustomerServicePageFunctionalityOne[0 - Browser - chrome] on CustomerServicePageFunctionalityOne[0 - Browser - chrome](runner.CloudTestWithJUnit)" classname="runner.CloudTestWithJUnit" time="21.889"/>
  <testcase name="CustomerServicePageFunctionalityTwo[0 - Browser - chrome] on CustomerServicePageFunctionalityTwo[0 - Browser - chrome](runner.CloudTestWithJUnit)" classname="runner.CloudTestWithJUnit" time="13.249"/>
  <testcase name="imageFunctionality[0 - Browser - chrome] on imageFunctionality[0 - Browser - chrome](runner.CloudTestWithJUnit)" classname="runner.CloudTestWithJUnit" time="8.219"/>
  <testcase name="CustomerServicePageFunctionalityOne[1 - Browser - cloud_chrome_64] on CustomerServicePageFunctionalityOne[1 - Browser - cloud_chrome_64](runner.CloudTestWithJUnit)" classname="runner.CloudTestWithJUnit" time="21.032"/>
  <testcase name="CustomerServicePageFunctionalityTwo[1 - Browser - cloud_chrome_64] on CustomerServicePageFunctionalityTwo[1 - Browser - cloud_chrome_64](runner.CloudTestWithJUnit)" classname="runner.CloudTestWithJUnit" time="32.243"/>
  <testcase name="imageFunctionality[1 - Browser - cloud_chrome_64] on imageFunctionality[1 - Browser - cloud_chrome_64](runner.CloudTestWithJUnit)" classname="runner.CloudTestWithJUnit" time="14.106"/>
</testsuite>