<?xml version="1.0" encoding="UTF-8"?>
<testng-results skipped="0" failed="0" ignored="0" total="6" passed="6">
  <reporter-output>
  </reporter-output>
  <suite name="Surefire suite" duration-ms="110902" started-at="2018-04-05T19:21:52Z" finished-at="2018-04-05T19:23:42Z">
    <groups>
    </groups>
    <test name="Surefire test" duration-ms="110902" started-at="2018-04-05T19:21:52Z" finished-at="2018-04-05T19:23:42Z">
      <class name="runner.CloudTestWithJUnit">
        <test-method status="PASS" signature="CustomerServicePageFunctionalityOne()" name="CustomerServicePageFunctionalityOne[0 - Browser - chrome]" duration-ms="21920" started-at="2018-04-05T15:21:52Z" finished-at="2018-04-05T15:22:14Z">
          <reporter-output>
          </reporter-output>
        </test-method> <!-- CustomerServicePageFunctionalityOne[0 - Browser - chrome] -->
        <test-method status="PASS" signature="CustomerServicePageFunctionalityTwo()" name="CustomerServicePageFunctionalityTwo[0 - Browser - chrome]" duration-ms="35158" started-at="2018-04-05T15:21:52Z" finished-at="2018-04-05T15:22:27Z">
          <reporter-output>
          </reporter-output>
        </test-method> <!-- CustomerServicePageFunctionalityTwo[0 - Browser - chrome] -->
        <test-method status="PASS" signature="imageFunctionality()" name="imageFunctionality[0 - Browser - chrome]" duration-ms="43385" started-at="2018-04-05T15:21:52Z" finished-at="2018-04-05T15:22:35Z">
          <reporter-output>
          </reporter-output>
        </test-method> <!-- imageFunctionality[0 - Browser - chrome] -->
        <test-method status="PASS" signature="CustomerServicePageFunctionalityOne()" name="CustomerServicePageFunctionalityOne[1 - Browser - cloud_chrome_64]" duration-ms="64413" started-at="2018-04-05T15:21:52Z" finished-at="2018-04-05T15:22:56Z">
          <reporter-output>
          </reporter-output>
        </test-method> <!-- CustomerServicePageFunctionalityOne[1 - Browser - cloud_chrome_64] -->
        <test-method status="PASS" signature="CustomerServicePageFunctionalityTwo()" name="CustomerServicePageFunctionalityTwo[1 - Browser - cloud_chrome_64]" duration-ms="96654" started-at="2018-04-05T15:21:52Z" finished-at="2018-04-05T15:23:28Z">
          <reporter-output>
          </reporter-output>
        </test-method> <!-- CustomerServicePageFunctionalityTwo[1 - Browser - cloud_chrome_64] -->
        <test-method status="PASS" signature="imageFunctionality()" name="imageFunctionality[1 - Browser - cloud_chrome_64]" duration-ms="110761" started-at="2018-04-05T15:21:52Z" finished-at="2018-04-05T15:23:42Z">
          <reporter-output>
          </reporter-output>
        </test-method> <!-- imageFunctionality[1 - Browser - cloud_chrome_64] -->
      </class> <!-- runner.CloudTestWithJUnit -->
    </test> <!-- Surefire test -->
  </suite> <!-- Surefire suite -->
</testng-results>
